<?xml version="1.0" encoding="UTF-8"?>
<!-- Generated by org.testng.reporters.JUnitXMLReporter -->
<testsuite hostname="CPX-HY0DXDC9NA5" name="Default test" tests="6" failures="0" timestamp="12 Jan 2018 02:53:08 GMT" time="71.742" errors="0">
  <testcase name="testHomePage" time="27.6" classname="sg.com.sph.straitstimes.testclasses.AcceptanceTests"/>
  <testcase name="testLogin" time="3.706" classname="sg.com.sph.straitstimes.testclasses.AcceptanceTests"/>
  <testcase name="testUsernamePassword" time="16.738" classname="sg.com.sph.straitstimes.testclasses.AcceptanceTests"/>
  <testcase name="testLoginSuccess" time="0.268" classname="sg.com.sph.straitstimes.testclasses.AcceptanceTests"/>
  <testcase name="testMainArticle" time="0.467" classname="sg.com.sph.straitstimes.testclasses.AcceptanceTests"/>
  <testcase name="testArticleImages" time="0.345" classname="sg.com.sph.straitstimes.testclasses.AcceptanceTests"/>
</testsuite> <!-- Default test -->
