<?xml version="1.0" encoding="UTF-8"?>
<!-- Generated by org.testng.reporters.JUnitXMLReporter -->
<testsuite hostname="CPX-HY0DXDC9NA5" name="Test" tests="6" failures="1" timestamp="12 Jan 2018 00:35:32 GMT" time="310.032" errors="0">
  <testcase name="testHomePage" time="97.53" classname="sg.com.sph.straitstimes.testclasses.AcceptanceTests"/>
  <testcase name="testLogin" time="13.941" classname="sg.com.sph.straitstimes.testclasses.AcceptanceTests"/>
  <testcase name="testUsernamePassword" time="64.8" classname="sg.com.sph.straitstimes.testclasses.AcceptanceTests"/>
  <testcase name="testLoginSuccess" time="0.958" classname="sg.com.sph.straitstimes.testclasses.AcceptanceTests"/>
  <testcase name="testMainArticle" time="22.74" classname="sg.com.sph.straitstimes.testclasses.AcceptanceTests"/>
  <testcase name="testArticleImages" time="0.004" classname="sg.com.sph.straitstimes.testclasses.AcceptanceTests">
    <failure type="java.lang.NullPointerException">
      <![CDATA[java.lang.NullPointerException
	at sg.com.sph.straitstimes.pageobjects.MainArticlePage.getArticleImages(MainArticlePage.java:15)
	at sg.com.sph.straitstimes.testclasses.AcceptanceTests.testArticleImages(AcceptanceTests.java:71)
... Removed 24 stack frames]]>
    </failure>
  </testcase> <!-- testArticleImages -->
</testsuite> <!-- Test -->
